Test sample[0] Start Invoking

Test sample[0] Start Finding Max Value

Test sample "N":
Predicted N (50%) - SUCCESS

Test sample[1] Start Invoking

Test sample[1] Start Finding Max Value

Test sample "q":
Predicted q (50%) - SUCCESS

Test sample[2] Start Invoking

Test sample[2] Start Finding Max Value

Test sample "N":
Predicted N (50%) - SUCCESS

Test sample[3] Start Invoking

Test sample[3] Start Finding Max Value

Test sample "N":
Predicted N (50%) - SUCCESS

Test sample[4] Start Invoking

Test sample[4] Start Finding Max Value

Test sample "f":
Predicted N (50%) - FAIL

Test sample[5] Start Invoking

Test sample[5] Start Finding Max Value

Test sample "N":
Predicted N (50%) - SUCCESS

Test sample[6] Start Invoking

Test sample[6] Start Finding Max Value

Test sample "N":
Predicted N (50%) - SUCCESS

Test sample[7] Start Invoking

Test sample[7] Start Finding Max Value

Test sample "N":
Predicted N (50%) - SUCCESS

Test sample[8] Start Invoking

Test sample[8] Start Finding Max Value

Test sample "N":
Predicted w (50%) - FAIL

Test sample[9] Start Invoking

Test sample[9] Start Finding Max Value

Test sample "s":
Predicted s (50%) - SUCCESS

Test sample[10] Start Invoking

Test sample[10] Start Finding Max Value

Test sample "N":
Predicted N (50%) - SUCCESS

Test sample[11] Start Invoking

Test sample[11] Start Finding Max Value

Test sample "N":
Predicted N (50%) - SUCCESS

Test sample[12] Start Invoking

Test sample[12] Start Finding Max Value

Test sample "N":
Predicted N (50%) - SUCCESS

Test sample[13] Start Invoking

Test sample[13] Start Finding Max Value

Test sample "N":
Predicted N (50%) - SUCCESS

Test sample[14] Start Invoking

Test sample[14] Start Finding Max Value

Test sample "N":
Predicted N (50%) - SUCCESS

Test sample[15] Start Invoking

Test sample[15] Start Finding Max Value

Test sample "v":
Predicted v (50%) - SUCCESS

Test sample[16] Start Invoking

Test sample[16] Start Finding Max Value

Test sample "N":
Predicted N (50%) - SUCCESS

Test sample[17] Start Invoking

Test sample[17] Start Finding Max Value

Test sample "N":
Predicted N (50%) - SUCCESS

Test sample[18] Start Invoking

Test sample[18] Start Finding Max Value

Test sample "N":
Predicted N (50%) - SUCCESS

Test sample[19] Start Invoking

Test sample[19] Start Finding Max Value

Test sample "N":
Predicted N (50%) - SUCCESS

Test sample[20] Start Invoking

Test sample[20] Start Finding Max Value

Test sample "w":
Predicted N (50%) - FAIL

Test sample[21] Start Invoking

Test sample[21] Start Finding Max Value

Test sample "N":
Predicted N (50%) - SUCCESS

Test sample[22] Start Invoking

Test sample[22] Start Finding Max Value

Test sample "N":
Predicted N (50%) - SUCCESS

Test sample[23] Start Invoking

Test sample[23] Start Finding Max Value

Test sample "N":
Predicted w (50%) - FAIL

Test sample[24] Start Invoking

Test sample[24] Start Finding Max Value

Test sample "N":
Predicted N (50%) - SUCCESS

Test sample[25] Start Invoking

Test sample[25] Start Finding Max Value

Test sample "N":
Predicted N (50%) - SUCCESS

Test sample[26] Start Invoking

Test sample[26] Start Finding Max Value

Test sample "N":
Predicted N (50%) - SUCCESS

Test sample[27] Start Invoking

Test sample[27] Start Finding Max Value

Test sample "N":
Predicted N (50%) - SUCCESS

Test sample[28] Start Invoking

Test sample[28] Start Finding Max Value

Test sample "N":
Predicted N (50%) - SUCCESS

Test sample[29] Start Invoking

Test sample[29] Start Finding Max Value

Test sample "q":
Predicted q (50%) - SUCCESS

Test sample[30] Start Invoking

Test sample[30] Start Finding Max Value

Test sample "N":
Predicted N (50%) - SUCCESS

Test sample[31] Start Invoking

Test sample[31] Start Finding Max Value

Test sample "N":
Predicted N (50%) - SUCCESS

Test sample[32] Start Invoking

Test sample[32] Start Finding Max Value

Test sample "N":
Predicted N (50%) - SUCCESS

Test sample[33] Start Invoking

Test sample[33] Start Finding Max Value

Test sample "N":
Predicted N (50%) - SUCCESS

Test sample[34] Start Invoking

Test sample[34] Start Finding Max Value

Test sample "N":
Predicted N (50%) - SUCCESS

Test sample[35] Start Invoking

Test sample[35] Start Finding Max Value

Test sample "N":
Predicted N (50%) - SUCCESS

Test sample[36] Start Invoking

Test sample[36] Start Finding Max Value

Test sample "f":
Predicted f (50%) - SUCCESS

Test sample[37] Start Invoking

Test sample[37] Start Finding Max Value

Test sample "N":
Predicted N (50%) - SUCCESS

Test sample[38] Start Invoking

Test sample[38] Start Finding Max Value

Test sample "N":
Predicted N (50%) - SUCCESS

Test sample[39] Start Invoking

Test sample[39] Start Finding Max Value

Test sample "N":
Predicted N (50%) - SUCCESS

Test sample[40] Start Invoking

Test sample[40] Start Finding Max Value

Test sample "q":
Predicted N (50%) - FAIL

Test sample[41] Start Invoking

Test sample[41] Start Finding Max Value

Test sample "N":
Predicted w (50%) - FAIL

Test sample[42] Start Invoking

Test sample[42] Start Finding Max Value

Test sample "N":
Predicted N (50%) - SUCCESS

Test sample[43] Start Invoking

Test sample[43] Start Finding Max Value

Test sample "N":
Predicted N (50%) - SUCCESS

Test sample[44] Start Invoking

Test sample[44] Start Finding Max Value

Test sample "N":
Predicted N (50%) - SUCCESS

Test sample[45] Start Invoking

Test sample[45] Start Finding Max Value

Test sample "N":
Predicted N (50%) - SUCCESS

Test sample[46] Start Invoking

Test sample[46] Start Finding Max Value

Test sample "f":
Predicted f (50%) - SUCCESS

Test sample[47] Start Invoking

Test sample[47] Start Finding Max Value

Test sample "N":
Predicted N (50%) - SUCCESS

Test sample[48] Start Invoking

Test sample[48] Start Finding Max Value

Test sample "f":
Predicted e (50%) - FAIL

Test sample[49] Start Invoking

Test sample[49] Start Finding Max Value

Test sample "N":
Predicted N (50%) - SUCCESS

Test sample[50] Start Invoking

Test sample[50] Start Finding Max Value

Test sample "N":
Predicted N (50%) - SUCCESS

Test sample[51] Start Invoking

Test sample[51] Start Finding Max Value

Test sample "N":
Predicted N (50%) - SUCCESS

Test sample[52] Start Invoking

Test sample[52] Start Finding Max Value

Test sample "f":
Predicted f (50%) - SUCCESS

Test sample[53] Start Invoking

Test sample[53] Start Finding Max Value

Test sample "v":
Predicted v (50%) - SUCCESS

Test sample[54] Start Invoking

Test sample[54] Start Finding Max Value

Test sample "q":
Predicted q (50%) - SUCCESS

Test sample[55] Start Invoking

Test sample[55] Start Finding Max Value

Test sample "N":
Predicted N (50%) - SUCCESS

Test sample[56] Start Invoking

Test sample[56] Start Finding Max Value

Test sample "N":
Predicted N (50%) - SUCCESS

Test sample[57] Start Invoking

Test sample[57] Start Finding Max Value

Test sample "N":
Predicted N (50%) - SUCCESS

Test sample[58] Start Invoking

Test sample[58] Start Finding Max Value

Test sample "N":
Predicted N (50%) - SUCCESS

Test sample[59] Start Invoking

Test sample[59] Start Finding Max Value

Test sample "N":
Predicted N (50%) - SUCCESS

Test sample[60] Start Invoking

Test sample[60] Start Finding Max Value

Test sample "N":
Predicted N (50%) - SUCCESS

Test sample[61] Start Invoking

Test sample[61] Start Finding Max Value

Test sample "N":
Predicted N (50%) - SUCCESS

Test sample[62] Start Invoking

Test sample[62] Start Finding Max Value

Test sample "e":
Predicted e (50%) - SUCCESS

Test sample[63] Start Invoking

Test sample[63] Start Finding Max Value

Test sample "N":
Predicted N (50%) - SUCCESS

Test sample[64] Start Invoking

Test sample[64] Start Finding Max Value

Test sample "N":
Predicted N (50%) - SUCCESS

Test sample[65] Start Invoking

Test sample[65] Start Finding Max Value

Test sample "f":
Predicted f (50%) - SUCCESS

Test sample[66] Start Invoking

Test sample[66] Start Finding Max Value

Test sample "N":
Predicted N (50%) - SUCCESS

Test sample[67] Start Invoking

Test sample[67] Start Finding Max Value

Test sample "v":
Predicted v (50%) - SUCCESS

Test sample[68] Start Invoking

Test sample[68] Start Finding Max Value

Test sample "q":
Predicted q (50%) - SUCCESS

Test sample[69] Start Invoking

Test sample[69] Start Finding Max Value

Test sample "N":
Predicted N (50%) - SUCCESS

Test sample[70] Start Invoking

Test sample[70] Start Finding Max Value

Test sample "f":
Predicted f (50%) - SUCCESS

Test sample[71] Start Invoking

Test sample[71] Start Finding Max Value

Test sample "N":
Predicted N (50%) - SUCCESS

Test sample[72] Start Invoking

Test sample[72] Start Finding Max Value

Test sample "N":
Predicted N (50%) - SUCCESS

Test sample[73] Start Invoking

Test sample[73] Start Finding Max Value

Test sample "N":
Predicted N (50%) - SUCCESS

Test sample[74] Start Invoking

Test sample[74] Start Finding Max Value

Test sample "N":
Predicted N (50%) - SUCCESS

Test sample[75] Start Invoking

Test sample[75] Start Finding Max Value

Test sample "N":
Predicted N (50%) - SUCCESS

Test sample[76] Start Invoking

Test sample[76] Start Finding Max Value

Test sample "N":
Predicted N (50%) - SUCCESS

Test sample[77] Start Invoking

Test sample[77] Start Finding Max Value

Test sample "v":
Predicted v (50%) - SUCCESS

Test sample[78] Start Invoking

Test sample[78] Start Finding Max Value

Test sample "s":
Predicted s (50%) - SUCCESS

Test sample[79] Start Invoking

Test sample[79] Start Finding Max Value

Test sample "N":
Predicted N (50%) - SUCCESS

Test sample[80] Start Invoking

Test sample[80] Start Finding Max Value

Test sample "f":
Predicted N (50%) - FAIL

Test sample[81] Start Invoking

Test sample[81] Start Finding Max Value

Test sample "N":
Predicted N (50%) - SUCCESS

Test sample[82] Start Invoking

Test sample[82] Start Finding Max Value

Test sample "N":
Predicted N (50%) - SUCCESS

Test sample[83] Start Invoking

Test sample[83] Start Finding Max Value

Test sample "s":
Predicted s (50%) - SUCCESS

Test sample[84] Start Invoking

Test sample[84] Start Finding Max Value

Test sample "N":
Predicted N (50%) - SUCCESS

Test sample[85] Start Invoking

Test sample[85] Start Finding Max Value

Test sample "N":
Predicted N (50%) - SUCCESS

Test sample[86] Start Invoking

Test sample[86] Start Finding Max Value

Test sample "q":
Predicted q (50%) - SUCCESS

Test sample[87] Start Invoking

Test sample[87] Start Finding Max Value

Test sample "N":
Predicted N (50%) - SUCCESS

Test sample[88] Start Invoking

Test sample[88] Start Finding Max Value

Test sample "q":
Predicted q (50%) - SUCCESS

Test sample[89] Start Invoking

Test sample[89] Start Finding Max Value

Test sample "N":
Predicted N (50%) - SUCCESS

Test sample[90] Start Invoking

Test sample[90] Start Finding Max Value

Test sample "N":
Predicted w (50%) - FAIL

Test sample[91] Start Invoking

Test sample[91] Start Finding Max Value

Test sample "s":
Predicted s (50%) - SUCCESS

Test sample[92] Start Invoking

Test sample[92] Start Finding Max Value

Test sample "N":
Predicted N (50%) - SUCCESS

Test sample[93] Start Invoking

Test sample[93] Start Finding Max Value

Test sample "N":
Predicted N (50%) - SUCCESS

Test sample[94] Start Invoking

Test sample[94] Start Finding Max Value

Test sample "N":
Predicted N (50%) - SUCCESS

Test sample[95] Start Invoking

Test sample[95] Start Finding Max Value

Test sample "N":
Predicted N (50%) - SUCCESS

Test sample[96] Start Invoking

Test sample[96] Start Finding Max Value

Test sample "N":
Predicted N (50%) - SUCCESS

Test sample[97] Start Invoking

Test sample[97] Start Finding Max Value

Test sample "q":
Predicted q (50%) - SUCCESS

Test sample[98] Start Invoking

Test sample[98] Start Finding Max Value

Test sample "N":
Predicted N (50%) - SUCCESS

Test sample[99] Start Invoking

Test sample[99] Start Finding Max Value

Test sample "N":
Predicted N (50%) - SUCCESS

Correct Rate = 91 / 100


URAT_GET_STRING_START
12222222222